index.js:14
 14: var send = require('send');
                ^^^^^^^^^^^^^^^ send. Required module not found

index.js:46
 46: exports = module.exports = function(root, options){
                                         ^^^^ parameter `root`. Missing annotation

index.js:46
 46: exports = module.exports = function(root, options){
                                               ^^^^^^^ parameter `options`. Missing annotation

index.js:46
 46: exports = module.exports = function(root, options){
                                                      ^ return. Missing annotation

index.js:57
 57:     var originalUrl = url.parse(req.originalUrl);
                           ^^^^^^^^^^^^^^^^^^^^^^^^^^ call of method `parse`
 60:     if (path == '/' && originalUrl.pathname[originalUrl.pathname.length - 1] != '/') {
                            ^^^^^^^^^^^^^^^^^^^^^^^^^^^^^^^^^^^^^^^^^^^^^^^^^^^^^ access of computed property/element. Computed property/element cannot be accessed on possibly undefined value
 60:     if (path == '/' && originalUrl.pathname[originalUrl.pathname.length - 1] != '/') {
                            ^^^^^^^^^^^^^^^^^^^^ undefined

index.js:57
 57:     var originalUrl = url.parse(req.originalUrl);
                           ^^^^^^^^^^^^^^^^^^^^^^^^^^ call of method `parse`
 60:     if (path == '/' && originalUrl.pathname[originalUrl.pathname.length - 1] != '/') {
                                                                      ^^^^^^ property `length`. Property cannot be accessed on possibly undefined value
 60:     if (path == '/' && originalUrl.pathname[originalUrl.pathname.length - 1] != '/') {
                                                 ^^^^^^^^^^^^^^^^^^^^ undefined

index.js:67
 67:       originalUrl.pathname += '/';
           ^^^^^^^^^^^^^^^^^^^^ undefined. This type is incompatible with
 67:       originalUrl.pathname += '/';
           ^^^^^^^^^^^^^^^^^^^^^^^^^^^ string

index.js:68
 68:       target = url.format(originalUrl);
                    ^^^^^^^^^^^^^^^^^^^^^^^ call of method `format`
1098:     href?: string;
                 ^^^^^^ Library type error:. See: /private/tmp/flow/flowlib_43e9d46/node.js:1098
1098:     href?: string;
                 ^^^^^^ undefined. This type is incompatible with. See: /private/tmp/flow/flowlib_43e9d46/node.js:1098
1095:     href: string;
                ^^^^^^ string. See: /private/tmp/flow/flowlib_43e9d46/node.js:1095

index.js:68
 68:       target = url.format(originalUrl);
                    ^^^^^^^^^^^^^^^^^^^^^^^ call of method `format`
1103:     port?: string | number;
                          ^^^^^^ Library type error:. See: /private/tmp/flow/flowlib_43e9d46/node.js:1103
1103:     port?: string | number;
                          ^^^^^^ number. This type is incompatible with. See: /private/tmp/flow/flowlib_43e9d46/node.js:1103
1088:     port?: string;
                 ^^^^^^ string. See: /private/tmp/flow/flowlib_43e9d46/node.js:1088


Found 9 errors
